{"/Users/pauladettmann/CODE-projects/ZeroRebound/FourthDraft/api/config/database.js": {"path":"/Users/pauladettmann/CODE-projects/ZeroRebound/FourthDraft/api/config/database.js","statementMap":{"0":{"start":{"line":8,"column":4},"end":{"line":8,"column":15}},"1":{"start":{"line":10,"column":0},"end":{"line":17,"column":2}}},"fnMap":{},"branchMap":{"0":{"loc":{"start":{"line":13,"column":11},"end":{"line":13,"column":68}},"type":"cond-expr","locations":[{"start":{"line":13,"column":35},"end":{"line":13,"column":55}},{"start":{"line":13,"column":58},"end":{"line":13,"column":68}}],"line":13}},"s":{"0":3,"1":3},"f":{},"b":{"0":[3,0]},"_coverageSchema":"1a1c01bbd47fc00a2c39e90264f33305004495a9","hash":"dce8c632abb759deb1a7f465f22191d8cf8a6697"}
,"/Users/pauladettmann/CODE-projects/ZeroRebound/FourthDraft/api/models/article.js": {"path":"/Users/pauladettmann/CODE-projects/ZeroRebound/FourthDraft/api/models/article.js","statementMap":{"0":{"start":{"line":1,"column":0},"end":{"line":46,"column":2}},"1":{"start":{"line":2,"column":17},"end":{"line":26,"column":7}},"2":{"start":{"line":28,"column":1},"end":{"line":44,"column":3}},"3":{"start":{"line":29,"column":2},"end":{"line":32,"column":5}},"4":{"start":{"line":33,"column":2},"end":{"line":38,"column":5}},"5":{"start":{"line":39,"column":2},"end":{"line":43,"column":5}},"6":{"start":{"line":45,"column":1},"end":{"line":45,"column":16}}},"fnMap":{"0":{"name":"(anonymous_0)","decl":{"start":{"line":1,"column":17},"end":{"line":1,"column":18}},"loc":{"start":{"line":1,"column":43},"end":{"line":46,"column":1}},"line":1},"1":{"name":"(anonymous_1)","decl":{"start":{"line":28,"column":21},"end":{"line":28,"column":22}},"loc":{"start":{"line":28,"column":39},"end":{"line":44,"column":2}},"line":28}},"branchMap":{},"s":{"0":3,"1":3,"2":3,"3":3,"4":3,"5":3,"6":3},"f":{"0":3,"1":3},"b":{},"_coverageSchema":"1a1c01bbd47fc00a2c39e90264f33305004495a9","hash":"8da7fba91ac7036267f5fe4ca089b2f15022aed2"}
,"/Users/pauladettmann/CODE-projects/ZeroRebound/FourthDraft/api/models/articlescomments.js": {"path":"/Users/pauladettmann/CODE-projects/ZeroRebound/FourthDraft/api/models/articlescomments.js","statementMap":{"0":{"start":{"line":1,"column":0},"end":{"line":32,"column":2}},"1":{"start":{"line":2,"column":26},"end":{"line":19,"column":7}},"2":{"start":{"line":21,"column":1},"end":{"line":30,"column":3}},"3":{"start":{"line":22,"column":2},"end":{"line":25,"column":5}},"4":{"start":{"line":26,"column":2},"end":{"line":29,"column":5}},"5":{"start":{"line":31,"column":1},"end":{"line":31,"column":25}}},"fnMap":{"0":{"name":"(anonymous_0)","decl":{"start":{"line":1,"column":17},"end":{"line":1,"column":18}},"loc":{"start":{"line":1,"column":43},"end":{"line":32,"column":1}},"line":1},"1":{"name":"(anonymous_1)","decl":{"start":{"line":21,"column":30},"end":{"line":21,"column":31}},"loc":{"start":{"line":21,"column":48},"end":{"line":30,"column":2}},"line":21}},"branchMap":{},"s":{"0":3,"1":3,"2":3,"3":3,"4":3,"5":3},"f":{"0":3,"1":3},"b":{},"_coverageSchema":"1a1c01bbd47fc00a2c39e90264f33305004495a9","hash":"1383e07a7266e340c065981366ade1efbecc738b"}
,"/Users/pauladettmann/CODE-projects/ZeroRebound/FourthDraft/api/models/articleversion.js": {"path":"/Users/pauladettmann/CODE-projects/ZeroRebound/FourthDraft/api/models/articleversion.js","statementMap":{"0":{"start":{"line":1,"column":0},"end":{"line":33,"column":2}},"1":{"start":{"line":2,"column":24},"end":{"line":23,"column":7}},"2":{"start":{"line":25,"column":1},"end":{"line":30,"column":3}},"3":{"start":{"line":26,"column":2},"end":{"line":29,"column":5}},"4":{"start":{"line":32,"column":1},"end":{"line":32,"column":23}}},"fnMap":{"0":{"name":"(anonymous_0)","decl":{"start":{"line":1,"column":17},"end":{"line":1,"column":18}},"loc":{"start":{"line":1,"column":43},"end":{"line":33,"column":1}},"line":1},"1":{"name":"(anonymous_1)","decl":{"start":{"line":25,"column":28},"end":{"line":25,"column":29}},"loc":{"start":{"line":25,"column":46},"end":{"line":30,"column":2}},"line":25}},"branchMap":{},"s":{"0":3,"1":3,"2":3,"3":3,"4":3},"f":{"0":3,"1":3},"b":{},"_coverageSchema":"1a1c01bbd47fc00a2c39e90264f33305004495a9","hash":"3699bbccce2d98e8c9ea7f7361276514c9929028"}
,"/Users/pauladettmann/CODE-projects/ZeroRebound/FourthDraft/api/models/comment.js": {"path":"/Users/pauladettmann/CODE-projects/ZeroRebound/FourthDraft/api/models/comment.js","statementMap":{"0":{"start":{"line":1,"column":0},"end":{"line":41,"column":2}},"1":{"start":{"line":2,"column":17},"end":{"line":19,"column":7}},"2":{"start":{"line":21,"column":1},"end":{"line":38,"column":3}},"3":{"start":{"line":22,"column":2},"end":{"line":25,"column":5}},"4":{"start":{"line":26,"column":2},"end":{"line":31,"column":5}},"5":{"start":{"line":32,"column":2},"end":{"line":37,"column":5}},"6":{"start":{"line":40,"column":1},"end":{"line":40,"column":16}}},"fnMap":{"0":{"name":"(anonymous_0)","decl":{"start":{"line":1,"column":17},"end":{"line":1,"column":18}},"loc":{"start":{"line":1,"column":43},"end":{"line":41,"column":1}},"line":1},"1":{"name":"(anonymous_1)","decl":{"start":{"line":21,"column":21},"end":{"line":21,"column":22}},"loc":{"start":{"line":21,"column":39},"end":{"line":38,"column":2}},"line":21}},"branchMap":{},"s":{"0":3,"1":3,"2":3,"3":3,"4":3,"5":3,"6":3},"f":{"0":3,"1":3},"b":{},"_coverageSchema":"1a1c01bbd47fc00a2c39e90264f33305004495a9","hash":"c0fc20962dac74592c9c5aded7a26abbee561097"}
,"/Users/pauladettmann/CODE-projects/ZeroRebound/FourthDraft/api/models/commentversion.js": {"path":"/Users/pauladettmann/CODE-projects/ZeroRebound/FourthDraft/api/models/commentversion.js","statementMap":{"0":{"start":{"line":1,"column":0},"end":{"line":26,"column":2}},"1":{"start":{"line":2,"column":24},"end":{"line":17,"column":7}},"2":{"start":{"line":19,"column":1},"end":{"line":23,"column":3}},"3":{"start":{"line":20,"column":2},"end":{"line":22,"column":5}},"4":{"start":{"line":25,"column":1},"end":{"line":25,"column":23}}},"fnMap":{"0":{"name":"(anonymous_0)","decl":{"start":{"line":1,"column":17},"end":{"line":1,"column":18}},"loc":{"start":{"line":1,"column":43},"end":{"line":26,"column":1}},"line":1},"1":{"name":"(anonymous_1)","decl":{"start":{"line":19,"column":28},"end":{"line":19,"column":29}},"loc":{"start":{"line":19,"column":46},"end":{"line":23,"column":2}},"line":19}},"branchMap":{},"s":{"0":3,"1":3,"2":3,"3":3,"4":3},"f":{"0":3,"1":3},"b":{},"_coverageSchema":"1a1c01bbd47fc00a2c39e90264f33305004495a9","hash":"e5c67fade52b81db6562c83ca4e4ee6c2e70ad34"}
,"/Users/pauladettmann/CODE-projects/ZeroRebound/FourthDraft/api/models/index.js": {"path":"/Users/pauladettmann/CODE-projects/ZeroRebound/FourthDraft/api/models/index.js","statementMap":{"0":{"start":{"line":1,"column":11},"end":{"line":1,"column":24}},"1":{"start":{"line":2,"column":13},"end":{"line":2,"column":28}},"2":{"start":{"line":3,"column":18},"end":{"line":3,"column":38}},"3":{"start":{"line":4,"column":15},"end":{"line":4,"column":47}},"4":{"start":{"line":6,"column":17},"end":{"line":6,"column":42}},"5":{"start":{"line":7,"column":11},"end":{"line":7,"column":13}},"6":{"start":{"line":10,"column":18},"end":{"line":10,"column":90}},"7":{"start":{"line":13,"column":0},"end":{"line":21,"column":4}},"8":{"start":{"line":16,"column":2},"end":{"line":16,"column":80}},"9":{"start":{"line":19,"column":16},"end":{"line":19,"column":60}},"10":{"start":{"line":20,"column":2},"end":{"line":20,"column":25}},"11":{"start":{"line":23,"column":0},"end":{"line":27,"column":3}},"12":{"start":{"line":24,"column":1},"end":{"line":26,"column":2}},"13":{"start":{"line":25,"column":2},"end":{"line":25,"column":30}},"14":{"start":{"line":29,"column":0},"end":{"line":29,"column":25}},"15":{"start":{"line":30,"column":0},"end":{"line":30,"column":25}},"16":{"start":{"line":32,"column":0},"end":{"line":32,"column":20}}},"fnMap":{"0":{"name":"(anonymous_0)","decl":{"start":{"line":15,"column":9},"end":{"line":15,"column":10}},"loc":{"start":{"line":16,"column":2},"end":{"line":16,"column":80}},"line":16},"1":{"name":"(anonymous_1)","decl":{"start":{"line":18,"column":10},"end":{"line":18,"column":11}},"loc":{"start":{"line":18,"column":20},"end":{"line":21,"column":2}},"line":18},"2":{"name":"(anonymous_2)","decl":{"start":{"line":23,"column":24},"end":{"line":23,"column":25}},"loc":{"start":{"line":23,"column":39},"end":{"line":27,"column":1}},"line":23}},"branchMap":{"0":{"loc":{"start":{"line":16,"column":2},"end":{"line":16,"column":80}},"type":"binary-expr","locations":[{"start":{"line":16,"column":3},"end":{"line":16,"column":26}},{"start":{"line":16,"column":32},"end":{"line":16,"column":49}},{"start":{"line":16,"column":55},"end":{"line":16,"column":79}}],"line":16},"1":{"loc":{"start":{"line":24,"column":1},"end":{"line":26,"column":2}},"type":"if","locations":[{"start":{"line":24,"column":1},"end":{"line":26,"column":2}},{"start":{"line":24,"column":1},"end":{"line":26,"column":2}}],"line":24}},"s":{"0":3,"1":3,"2":3,"3":3,"4":3,"5":3,"6":3,"7":3,"8":24,"9":21,"10":21,"11":3,"12":21,"13":21,"14":3,"15":3,"16":3},"f":{"0":24,"1":21,"2":21},"b":{"0":[24,24,21],"1":[21,0]},"_coverageSchema":"1a1c01bbd47fc00a2c39e90264f33305004495a9","hash":"52b6fb26892a25b520139aaf40ef449e1588a033"}
,"/Users/pauladettmann/CODE-projects/ZeroRebound/FourthDraft/api/models/user.js": {"path":"/Users/pauladettmann/CODE-projects/ZeroRebound/FourthDraft/api/models/user.js","statementMap":{"0":{"start":{"line":1,"column":0},"end":{"line":53,"column":2}},"1":{"start":{"line":2,"column":14},"end":{"line":32,"column":7}},"2":{"start":{"line":34,"column":1},"end":{"line":50,"column":3}},"3":{"start":{"line":35,"column":2},"end":{"line":40,"column":5}},"4":{"start":{"line":41,"column":2},"end":{"line":46,"column":5}},"5":{"start":{"line":47,"column":2},"end":{"line":49,"column":5}},"6":{"start":{"line":52,"column":1},"end":{"line":52,"column":13}}},"fnMap":{"0":{"name":"(anonymous_0)","decl":{"start":{"line":1,"column":17},"end":{"line":1,"column":18}},"loc":{"start":{"line":1,"column":43},"end":{"line":53,"column":1}},"line":1},"1":{"name":"(anonymous_1)","decl":{"start":{"line":34,"column":18},"end":{"line":34,"column":19}},"loc":{"start":{"line":34,"column":36},"end":{"line":50,"column":2}},"line":34}},"branchMap":{},"s":{"0":3,"1":3,"2":3,"3":3,"4":3,"5":3,"6":3},"f":{"0":3,"1":3},"b":{},"_coverageSchema":"1a1c01bbd47fc00a2c39e90264f33305004495a9","hash":"b8c5c4187600a89de28199401d8171492ace305d"}
,"/Users/pauladettmann/CODE-projects/ZeroRebound/FourthDraft/api/models/userversion.js": {"path":"/Users/pauladettmann/CODE-projects/ZeroRebound/FourthDraft/api/models/userversion.js","statementMap":{"0":{"start":{"line":1,"column":0},"end":{"line":41,"column":2}},"1":{"start":{"line":2,"column":21},"end":{"line":32,"column":7}},"2":{"start":{"line":34,"column":1},"end":{"line":38,"column":3}},"3":{"start":{"line":35,"column":2},"end":{"line":37,"column":5}},"4":{"start":{"line":40,"column":1},"end":{"line":40,"column":20}}},"fnMap":{"0":{"name":"(anonymous_0)","decl":{"start":{"line":1,"column":17},"end":{"line":1,"column":18}},"loc":{"start":{"line":1,"column":43},"end":{"line":41,"column":1}},"line":1},"1":{"name":"(anonymous_1)","decl":{"start":{"line":34,"column":25},"end":{"line":34,"column":26}},"loc":{"start":{"line":34,"column":43},"end":{"line":38,"column":2}},"line":34}},"branchMap":{},"s":{"0":3,"1":3,"2":3,"3":3,"4":3},"f":{"0":3,"1":3},"b":{},"_coverageSchema":"1a1c01bbd47fc00a2c39e90264f33305004495a9","hash":"a21974604f0ef0af37e204a8d82077efd9047f85"}
,"/Users/pauladettmann/CODE-projects/ZeroRebound/FourthDraft/api/src/app.js": {"path":"/Users/pauladettmann/CODE-projects/ZeroRebound/FourthDraft/api/src/app.js","statementMap":{"0":{"start":{"line":1,"column":16},"end":{"line":1,"column":34}},"1":{"start":{"line":2,"column":19},"end":{"line":2,"column":41}},"2":{"start":{"line":3,"column":16},"end":{"line":3,"column":42}},"3":{"start":{"line":4,"column":18},"end":{"line":4,"column":55}},"4":{"start":{"line":5,"column":11},"end":{"line":5,"column":24}},"5":{"start":{"line":6,"column":13},"end":{"line":6,"column":28}},"6":{"start":{"line":7,"column":19},"end":{"line":7,"column":48}},"7":{"start":{"line":8,"column":17},"end":{"line":8,"column":46}},"8":{"start":{"line":10,"column":15},"end":{"line":15,"column":2}},"9":{"start":{"line":17,"column":12},"end":{"line":17,"column":21}},"10":{"start":{"line":19,"column":13},"end":{"line":19,"column":36}},"11":{"start":{"line":21,"column":0},"end":{"line":26,"column":1}},"12":{"start":{"line":22,"column":1},"end":{"line":22,"column":28}},"13":{"start":{"line":24,"column":7},"end":{"line":26,"column":1}},"14":{"start":{"line":25,"column":1},"end":{"line":25,"column":35}},"15":{"start":{"line":28,"column":0},"end":{"line":31,"column":4}},"16":{"start":{"line":33,"column":0},"end":{"line":33,"column":27}},"17":{"start":{"line":34,"column":0},"end":{"line":34,"column":51}},"18":{"start":{"line":35,"column":0},"end":{"line":41,"column":4}},"19":{"start":{"line":43,"column":0},"end":{"line":45,"column":4}},"20":{"start":{"line":47,"column":0},"end":{"line":47,"column":43}},"21":{"start":{"line":48,"column":0},"end":{"line":48,"column":49}},"22":{"start":{"line":49,"column":0},"end":{"line":49,"column":49}},"23":{"start":{"line":51,"column":0},"end":{"line":51,"column":21}}},"fnMap":{},"branchMap":{"0":{"loc":{"start":{"line":21,"column":0},"end":{"line":26,"column":1}},"type":"if","locations":[{"start":{"line":21,"column":0},"end":{"line":26,"column":1}},{"start":{"line":21,"column":0},"end":{"line":26,"column":1}}],"line":21},"1":{"loc":{"start":{"line":24,"column":7},"end":{"line":26,"column":1}},"type":"if","locations":[{"start":{"line":24,"column":7},"end":{"line":26,"column":1}},{"start":{"line":24,"column":7},"end":{"line":26,"column":1}}],"line":24},"2":{"loc":{"start":{"line":36,"column":8},"end":{"line":36,"column":101}},"type":"cond-expr","locations":[{"start":{"line":36,"column":42},"end":{"line":36,"column":67}},{"start":{"line":36,"column":70},"end":{"line":36,"column":101}}],"line":36}},"s":{"0":3,"1":3,"2":3,"3":3,"4":3,"5":3,"6":3,"7":3,"8":3,"9":3,"10":3,"11":3,"12":3,"13":0,"14":0,"15":3,"16":3,"17":3,"18":3,"19":3,"20":3,"21":3,"22":3,"23":3},"f":{},"b":{"0":[3,0],"1":[0,0],"2":[3,0]},"_coverageSchema":"1a1c01bbd47fc00a2c39e90264f33305004495a9","hash":"fe60123a7dcb617a12210ae0ced09bb170882da7"}
,"/Users/pauladettmann/CODE-projects/ZeroRebound/FourthDraft/api/src/utils.js": {"path":"/Users/pauladettmann/CODE-projects/ZeroRebound/FourthDraft/api/src/utils.js","statementMap":{"0":{"start":{"line":1,"column":15},"end":{"line":1,"column":32}},"1":{"start":{"line":3,"column":23},"end":{"line":7,"column":1}},"2":{"start":{"line":4,"column":35},"end":{"line":4,"column":61}},"3":{"start":{"line":5,"column":17},"end":{"line":5,"column":89}},"4":{"start":{"line":6,"column":1},"end":{"line":6,"column":53}},"5":{"start":{"line":9,"column":0},"end":{"line":11,"column":2}}},"fnMap":{"0":{"name":"(anonymous_0)","decl":{"start":{"line":3,"column":23},"end":{"line":3,"column":24}},"loc":{"start":{"line":3,"column":34},"end":{"line":7,"column":1}},"line":3}},"branchMap":{},"s":{"0":4,"1":4,"2":6,"3":6,"4":6,"5":4},"f":{"0":6},"b":{},"_coverageSchema":"1a1c01bbd47fc00a2c39e90264f33305004495a9","hash":"23b9150224e4e52685ab37fcb7ad9b829f777560"}
,"/Users/pauladettmann/CODE-projects/ZeroRebound/FourthDraft/api/src/middlewares/auth.js": {"path":"/Users/pauladettmann/CODE-projects/ZeroRebound/FourthDraft/api/src/middlewares/auth.js","statementMap":{"0":{"start":{"line":2,"column":25},"end":{"line":8,"column":1}},"1":{"start":{"line":3,"column":1},"end":{"line":7,"column":2}},"2":{"start":{"line":4,"column":2},"end":{"line":4,"column":9}},"3":{"start":{"line":6,"column":2},"end":{"line":6,"column":62}},"4":{"start":{"line":10,"column":0},"end":{"line":12,"column":2}}},"fnMap":{"0":{"name":"(anonymous_0)","decl":{"start":{"line":2,"column":25},"end":{"line":2,"column":26}},"loc":{"start":{"line":2,"column":45},"end":{"line":8,"column":1}},"line":2}},"branchMap":{"0":{"loc":{"start":{"line":3,"column":1},"end":{"line":7,"column":2}},"type":"if","locations":[{"start":{"line":3,"column":1},"end":{"line":7,"column":2}},{"start":{"line":3,"column":1},"end":{"line":7,"column":2}}],"line":3}},"s":{"0":3,"1":15,"2":15,"3":0,"4":3},"f":{"0":15},"b":{"0":[15,0]},"_coverageSchema":"1a1c01bbd47fc00a2c39e90264f33305004495a9","hash":"24df4f15e79973cabdc172bd1a90a169a6215342"}
,"/Users/pauladettmann/CODE-projects/ZeroRebound/FourthDraft/api/src/routes/article.js": {"path":"/Users/pauladettmann/CODE-projects/ZeroRebound/FourthDraft/api/src/routes/article.js","statementMap":{"0":{"start":{"line":1,"column":16},"end":{"line":1,"column":34}},"1":{"start":{"line":2,"column":26},"end":{"line":2,"column":49}},"2":{"start":{"line":3,"column":13},"end":{"line":3,"column":43}},"3":{"start":{"line":5,"column":15},"end":{"line":5,"column":31}},"4":{"start":{"line":7,"column":0},"end":{"line":28,"column":3}},"5":{"start":{"line":8,"column":1},"end":{"line":27,"column":5}},"6":{"start":{"line":15,"column":3},"end":{"line":22,"column":4}},"7":{"start":{"line":16,"column":4},"end":{"line":16,"column":20}},"8":{"start":{"line":17,"column":4},"end":{"line":19,"column":7}},"9":{"start":{"line":21,"column":4},"end":{"line":21,"column":27}},"10":{"start":{"line":25,"column":3},"end":{"line":25,"column":19}},"11":{"start":{"line":26,"column":3},"end":{"line":26,"column":17}},"12":{"start":{"line":31,"column":0},"end":{"line":53,"column":3}},"13":{"start":{"line":32,"column":25},"end":{"line":32,"column":33}},"14":{"start":{"line":33,"column":20},"end":{"line":33,"column":31}},"15":{"start":{"line":35,"column":1},"end":{"line":52,"column":5}},"16":{"start":{"line":41,"column":3},"end":{"line":47,"column":6}},"17":{"start":{"line":50,"column":3},"end":{"line":50,"column":19}},"18":{"start":{"line":51,"column":3},"end":{"line":51,"column":23}},"19":{"start":{"line":55,"column":0},"end":{"line":84,"column":3}},"20":{"start":{"line":56,"column":23},"end":{"line":56,"column":32}},"21":{"start":{"line":58,"column":1},"end":{"line":61,"column":2}},"22":{"start":{"line":59,"column":2},"end":{"line":59,"column":18}},"23":{"start":{"line":60,"column":2},"end":{"line":60,"column":51}},"24":{"start":{"line":63,"column":1},"end":{"line":83,"column":5}},"25":{"start":{"line":71,"column":3},"end":{"line":78,"column":4}},"26":{"start":{"line":72,"column":4},"end":{"line":72,"column":20}},"27":{"start":{"line":73,"column":4},"end":{"line":75,"column":7}},"28":{"start":{"line":77,"column":4},"end":{"line":77,"column":26}},"29":{"start":{"line":81,"column":3},"end":{"line":81,"column":19}},"30":{"start":{"line":82,"column":3},"end":{"line":82,"column":19}},"31":{"start":{"line":86,"column":0},"end":{"line":101,"column":3}},"32":{"start":{"line":87,"column":23},"end":{"line":87,"column":32}},"33":{"start":{"line":89,"column":1},"end":{"line":100,"column":5}},"34":{"start":{"line":95,"column":3},"end":{"line":95,"column":23}},"35":{"start":{"line":98,"column":3},"end":{"line":98,"column":19}},"36":{"start":{"line":99,"column":3},"end":{"line":99,"column":23}},"37":{"start":{"line":104,"column":0},"end":{"line":104,"column":24}}},"fnMap":{"0":{"name":"(anonymous_0)","decl":{"start":{"line":7,"column":20},"end":{"line":7,"column":21}},"loc":{"start":{"line":7,"column":34},"end":{"line":28,"column":1}},"line":7},"1":{"name":"(anonymous_1)","decl":{"start":{"line":14,"column":8},"end":{"line":14,"column":9}},"loc":{"start":{"line":14,"column":22},"end":{"line":23,"column":3}},"line":14},"2":{"name":"(anonymous_2)","decl":{"start":{"line":24,"column":9},"end":{"line":24,"column":10}},"loc":{"start":{"line":24,"column":18},"end":{"line":27,"column":3}},"line":24},"3":{"name":"(anonymous_3)","decl":{"start":{"line":31,"column":46},"end":{"line":31,"column":47}},"loc":{"start":{"line":31,"column":60},"end":{"line":53,"column":1}},"line":31},"4":{"name":"(anonymous_4)","decl":{"start":{"line":40,"column":8},"end":{"line":40,"column":9}},"loc":{"start":{"line":40,"column":21},"end":{"line":48,"column":3}},"line":40},"5":{"name":"(anonymous_5)","decl":{"start":{"line":49,"column":9},"end":{"line":49,"column":10}},"loc":{"start":{"line":49,"column":20},"end":{"line":52,"column":3}},"line":49},"6":{"name":"(anonymous_6)","decl":{"start":{"line":55,"column":16},"end":{"line":55,"column":17}},"loc":{"start":{"line":55,"column":30},"end":{"line":84,"column":1}},"line":55},"7":{"name":"(anonymous_7)","decl":{"start":{"line":70,"column":8},"end":{"line":70,"column":9}},"loc":{"start":{"line":70,"column":21},"end":{"line":79,"column":3}},"line":70},"8":{"name":"(anonymous_8)","decl":{"start":{"line":80,"column":9},"end":{"line":80,"column":10}},"loc":{"start":{"line":80,"column":20},"end":{"line":83,"column":3}},"line":80},"9":{"name":"(anonymous_9)","decl":{"start":{"line":86,"column":55},"end":{"line":86,"column":56}},"loc":{"start":{"line":86,"column":69},"end":{"line":101,"column":1}},"line":86},"10":{"name":"(anonymous_10)","decl":{"start":{"line":94,"column":8},"end":{"line":94,"column":9}},"loc":{"start":{"line":94,"column":14},"end":{"line":96,"column":3}},"line":94},"11":{"name":"(anonymous_11)","decl":{"start":{"line":97,"column":9},"end":{"line":97,"column":10}},"loc":{"start":{"line":97,"column":20},"end":{"line":100,"column":3}},"line":97}},"branchMap":{"0":{"loc":{"start":{"line":15,"column":3},"end":{"line":22,"column":4}},"type":"if","locations":[{"start":{"line":15,"column":3},"end":{"line":22,"column":4}},{"start":{"line":15,"column":3},"end":{"line":22,"column":4}}],"line":15},"1":{"loc":{"start":{"line":58,"column":1},"end":{"line":61,"column":2}},"type":"if","locations":[{"start":{"line":58,"column":1},"end":{"line":61,"column":2}},{"start":{"line":58,"column":1},"end":{"line":61,"column":2}}],"line":58},"2":{"loc":{"start":{"line":71,"column":3},"end":{"line":78,"column":4}},"type":"if","locations":[{"start":{"line":71,"column":3},"end":{"line":78,"column":4}},{"start":{"line":71,"column":3},"end":{"line":78,"column":4}}],"line":71}},"s":{"0":3,"1":3,"2":3,"3":3,"4":3,"5":2,"6":2,"7":1,"8":1,"9":1,"10":0,"11":0,"12":3,"13":3,"14":3,"15":3,"16":3,"17":0,"18":0,"19":3,"20":1,"21":1,"22":0,"23":0,"24":1,"25":1,"26":0,"27":0,"28":1,"29":0,"30":0,"31":3,"32":1,"33":1,"34":1,"35":0,"36":0,"37":3},"f":{"0":2,"1":2,"2":0,"3":3,"4":3,"5":0,"6":1,"7":1,"8":0,"9":1,"10":1,"11":0},"b":{"0":[1,1],"1":[0,1],"2":[0,1]},"_coverageSchema":"1a1c01bbd47fc00a2c39e90264f33305004495a9","hash":"eb6993da1402e0cbee68d9e902e63af8de665ee4"}
,"/Users/pauladettmann/CODE-projects/ZeroRebound/FourthDraft/api/src/routes/comment.js": {"path":"/Users/pauladettmann/CODE-projects/ZeroRebound/FourthDraft/api/src/routes/comment.js","statementMap":{"0":{"start":{"line":1,"column":16},"end":{"line":1,"column":34}},"1":{"start":{"line":2,"column":13},"end":{"line":2,"column":43}},"2":{"start":{"line":3,"column":44},"end":{"line":3,"column":67}},"3":{"start":{"line":4,"column":27},"end":{"line":4,"column":46}},"4":{"start":{"line":5,"column":18},"end":{"line":5,"column":38}},"5":{"start":{"line":6,"column":15},"end":{"line":6,"column":31}},"6":{"start":{"line":9,"column":0},"end":{"line":52,"column":3}},"7":{"start":{"line":10,"column":20},"end":{"line":10,"column":31}},"8":{"start":{"line":11,"column":29},"end":{"line":11,"column":37}},"9":{"start":{"line":13,"column":1},"end":{"line":51,"column":5}},"10":{"start":{"line":18,"column":3},"end":{"line":46,"column":6}},"11":{"start":{"line":24,"column":4},"end":{"line":45,"column":8}},"12":{"start":{"line":28,"column":5},"end":{"line":40,"column":8}},"13":{"start":{"line":43,"column":6},"end":{"line":43,"column":22}},"14":{"start":{"line":44,"column":6},"end":{"line":44,"column":26}},"15":{"start":{"line":49,"column":3},"end":{"line":49,"column":19}},"16":{"start":{"line":50,"column":3},"end":{"line":50,"column":47}},"17":{"start":{"line":54,"column":0},"end":{"line":101,"column":3}},"18":{"start":{"line":55,"column":23},"end":{"line":55,"column":32}},"19":{"start":{"line":56,"column":20},"end":{"line":56,"column":31}},"20":{"start":{"line":58,"column":1},"end":{"line":61,"column":2}},"21":{"start":{"line":59,"column":2},"end":{"line":59,"column":18}},"22":{"start":{"line":60,"column":2},"end":{"line":60,"column":51}},"23":{"start":{"line":63,"column":1},"end":{"line":100,"column":5}},"24":{"start":{"line":78,"column":20},"end":{"line":78,"column":58}},"25":{"start":{"line":78,"column":48},"end":{"line":78,"column":57}},"26":{"start":{"line":80,"column":3},"end":{"line":95,"column":4}},"27":{"start":{"line":81,"column":4},"end":{"line":81,"column":20}},"28":{"start":{"line":82,"column":4},"end":{"line":84,"column":7}},"29":{"start":{"line":86,"column":4},"end":{"line":90,"column":7}},"30":{"start":{"line":87,"column":5},"end":{"line":87,"column":76}},"31":{"start":{"line":88,"column":5},"end":{"line":88,"column":58}},"32":{"start":{"line":89,"column":5},"end":{"line":89,"column":77}},"33":{"start":{"line":92,"column":4},"end":{"line":94,"column":7}},"34":{"start":{"line":98,"column":3},"end":{"line":98,"column":19}},"35":{"start":{"line":99,"column":3},"end":{"line":99,"column":17}},"36":{"start":{"line":103,"column":0},"end":{"line":118,"column":3}},"37":{"start":{"line":104,"column":23},"end":{"line":104,"column":32}},"38":{"start":{"line":106,"column":1},"end":{"line":117,"column":5}},"39":{"start":{"line":112,"column":3},"end":{"line":112,"column":23}},"40":{"start":{"line":115,"column":3},"end":{"line":115,"column":19}},"41":{"start":{"line":116,"column":3},"end":{"line":116,"column":52}},"42":{"start":{"line":120,"column":0},"end":{"line":120,"column":24}}},"fnMap":{"0":{"name":"(anonymous_0)","decl":{"start":{"line":9,"column":46},"end":{"line":9,"column":47}},"loc":{"start":{"line":9,"column":60},"end":{"line":52,"column":1}},"line":9},"1":{"name":"(anonymous_1)","decl":{"start":{"line":17,"column":8},"end":{"line":17,"column":9}},"loc":{"start":{"line":17,"column":21},"end":{"line":47,"column":3}},"line":17},"2":{"name":"(anonymous_2)","decl":{"start":{"line":23,"column":11},"end":{"line":23,"column":12}},"loc":{"start":{"line":23,"column":24},"end":{"line":46,"column":4}},"line":23},"3":{"name":"(anonymous_3)","decl":{"start":{"line":27,"column":12},"end":{"line":27,"column":13}},"loc":{"start":{"line":27,"column":18},"end":{"line":41,"column":5}},"line":27},"4":{"name":"(anonymous_4)","decl":{"start":{"line":42,"column":12},"end":{"line":42,"column":13}},"loc":{"start":{"line":42,"column":23},"end":{"line":45,"column":6}},"line":42},"5":{"name":"(anonymous_5)","decl":{"start":{"line":48,"column":9},"end":{"line":48,"column":10}},"loc":{"start":{"line":48,"column":20},"end":{"line":51,"column":3}},"line":48},"6":{"name":"(anonymous_6)","decl":{"start":{"line":54,"column":54},"end":{"line":54,"column":55}},"loc":{"start":{"line":54,"column":68},"end":{"line":101,"column":1}},"line":54},"7":{"name":"(anonymous_7)","decl":{"start":{"line":77,"column":8},"end":{"line":77,"column":9}},"loc":{"start":{"line":77,"column":30},"end":{"line":96,"column":3}},"line":77},"8":{"name":"(anonymous_8)","decl":{"start":{"line":78,"column":41},"end":{"line":78,"column":42}},"loc":{"start":{"line":78,"column":48},"end":{"line":78,"column":57}},"line":78},"9":{"name":"(anonymous_9)","decl":{"start":{"line":86,"column":21},"end":{"line":86,"column":22}},"loc":{"start":{"line":86,"column":34},"end":{"line":90,"column":5}},"line":86},"10":{"name":"(anonymous_10)","decl":{"start":{"line":97,"column":9},"end":{"line":97,"column":10}},"loc":{"start":{"line":97,"column":18},"end":{"line":100,"column":3}},"line":97},"11":{"name":"(anonymous_11)","decl":{"start":{"line":103,"column":55},"end":{"line":103,"column":56}},"loc":{"start":{"line":103,"column":69},"end":{"line":118,"column":1}},"line":103},"12":{"name":"(anonymous_12)","decl":{"start":{"line":111,"column":8},"end":{"line":111,"column":9}},"loc":{"start":{"line":111,"column":14},"end":{"line":113,"column":3}},"line":111},"13":{"name":"(anonymous_13)","decl":{"start":{"line":114,"column":9},"end":{"line":114,"column":10}},"loc":{"start":{"line":114,"column":20},"end":{"line":117,"column":3}},"line":114}},"branchMap":{"0":{"loc":{"start":{"line":58,"column":1},"end":{"line":61,"column":2}},"type":"if","locations":[{"start":{"line":58,"column":1},"end":{"line":61,"column":2}},{"start":{"line":58,"column":1},"end":{"line":61,"column":2}}],"line":58},"1":{"loc":{"start":{"line":80,"column":3},"end":{"line":95,"column":4}},"type":"if","locations":[{"start":{"line":80,"column":3},"end":{"line":95,"column":4}},{"start":{"line":80,"column":3},"end":{"line":95,"column":4}}],"line":80}},"s":{"0":3,"1":3,"2":3,"3":3,"4":3,"5":3,"6":3,"7":2,"8":2,"9":2,"10":1,"11":1,"12":1,"13":0,"14":0,"15":1,"16":1,"17":3,"18":2,"19":2,"20":2,"21":1,"22":1,"23":1,"24":1,"25":1,"26":1,"27":0,"28":0,"29":1,"30":1,"31":1,"32":1,"33":1,"34":0,"35":0,"36":3,"37":2,"38":2,"39":1,"40":1,"41":1,"42":3},"f":{"0":2,"1":1,"2":1,"3":1,"4":0,"5":1,"6":2,"7":1,"8":1,"9":1,"10":0,"11":2,"12":1,"13":1},"b":{"0":[1,1],"1":[0,1]},"_coverageSchema":"1a1c01bbd47fc00a2c39e90264f33305004495a9","hash":"703a05b1cfcd1dedec9df51e0162f8abb91bfe6b"}
,"/Users/pauladettmann/CODE-projects/ZeroRebound/FourthDraft/api/src/routes/user.js": {"path":"/Users/pauladettmann/CODE-projects/ZeroRebound/FourthDraft/api/src/routes/user.js","statementMap":{"0":{"start":{"line":1,"column":16},"end":{"line":1,"column":34}},"1":{"start":{"line":2,"column":15},"end":{"line":2,"column":32}},"2":{"start":{"line":3,"column":13},"end":{"line":3,"column":43}},"3":{"start":{"line":4,"column":26},"end":{"line":4,"column":49}},"4":{"start":{"line":5,"column":27},"end":{"line":5,"column":46}},"5":{"start":{"line":7,"column":15},"end":{"line":7,"column":31}},"6":{"start":{"line":9,"column":0},"end":{"line":55,"column":3}},"7":{"start":{"line":15,"column":5},"end":{"line":15,"column":13}},"8":{"start":{"line":17,"column":14},"end":{"line":17,"column":41}},"9":{"start":{"line":18,"column":14},"end":{"line":18,"column":44}},"10":{"start":{"line":19,"column":24},"end":{"line":19,"column":42}},"11":{"start":{"line":21,"column":1},"end":{"line":54,"column":4}},"12":{"start":{"line":26,"column":2},"end":{"line":53,"column":3}},"13":{"start":{"line":27,"column":3},"end":{"line":27,"column":19}},"14":{"start":{"line":28,"column":3},"end":{"line":30,"column":6}},"15":{"start":{"line":32,"column":3},"end":{"line":52,"column":7}},"16":{"start":{"line":39,"column":5},"end":{"line":39,"column":34}},"17":{"start":{"line":40,"column":5},"end":{"line":46,"column":8}},"18":{"start":{"line":49,"column":5},"end":{"line":51,"column":8}},"19":{"start":{"line":57,"column":0},"end":{"line":95,"column":3}},"20":{"start":{"line":58,"column":19},"end":{"line":58,"column":27}},"21":{"start":{"line":59,"column":22},"end":{"line":59,"column":30}},"22":{"start":{"line":61,"column":1},"end":{"line":94,"column":5}},"23":{"start":{"line":67,"column":3},"end":{"line":89,"column":4}},"24":{"start":{"line":68,"column":4},"end":{"line":68,"column":20}},"25":{"start":{"line":69,"column":4},"end":{"line":69,"column":42}},"26":{"start":{"line":71,"column":17},"end":{"line":71,"column":44}},"27":{"start":{"line":72,"column":17},"end":{"line":72,"column":47}},"28":{"start":{"line":73,"column":27},"end":{"line":73,"column":45}},"29":{"start":{"line":75,"column":4},"end":{"line":88,"column":5}},"30":{"start":{"line":76,"column":5},"end":{"line":76,"column":21}},"31":{"start":{"line":77,"column":5},"end":{"line":77,"column":43}},"32":{"start":{"line":79,"column":5},"end":{"line":79,"column":60}},"33":{"start":{"line":80,"column":5},"end":{"line":80,"column":34}},"34":{"start":{"line":81,"column":5},"end":{"line":87,"column":8}},"35":{"start":{"line":92,"column":3},"end":{"line":92,"column":19}},"36":{"start":{"line":93,"column":3},"end":{"line":93,"column":23}},"37":{"start":{"line":97,"column":0},"end":{"line":124,"column":3}},"38":{"start":{"line":98,"column":20},"end":{"line":98,"column":31}},"39":{"start":{"line":100,"column":1},"end":{"line":123,"column":5}},"40":{"start":{"line":107,"column":3},"end":{"line":118,"column":4}},"41":{"start":{"line":108,"column":4},"end":{"line":108,"column":20}},"42":{"start":{"line":109,"column":4},"end":{"line":111,"column":7}},"43":{"start":{"line":113,"column":4},"end":{"line":113,"column":59}},"44":{"start":{"line":115,"column":4},"end":{"line":117,"column":7}},"45":{"start":{"line":121,"column":3},"end":{"line":121,"column":19}},"46":{"start":{"line":122,"column":3},"end":{"line":122,"column":23}},"47":{"start":{"line":126,"column":0},"end":{"line":147,"column":3}},"48":{"start":{"line":127,"column":20},"end":{"line":127,"column":31}},"49":{"start":{"line":129,"column":1},"end":{"line":146,"column":5}},"50":{"start":{"line":135,"column":3},"end":{"line":141,"column":4}},"51":{"start":{"line":136,"column":4},"end":{"line":136,"column":40}},"52":{"start":{"line":138,"column":4},"end":{"line":140,"column":7}},"53":{"start":{"line":144,"column":3},"end":{"line":144,"column":19}},"54":{"start":{"line":145,"column":3},"end":{"line":145,"column":23}},"55":{"start":{"line":149,"column":0},"end":{"line":152,"column":3}},"56":{"start":{"line":150,"column":1},"end":{"line":150,"column":23}},"57":{"start":{"line":151,"column":1},"end":{"line":151,"column":21}},"58":{"start":{"line":154,"column":0},"end":{"line":170,"column":3}},"59":{"start":{"line":155,"column":20},"end":{"line":155,"column":31}},"60":{"start":{"line":157,"column":1},"end":{"line":169,"column":5}},"61":{"start":{"line":163,"column":3},"end":{"line":163,"column":25}},"62":{"start":{"line":164,"column":3},"end":{"line":164,"column":23}},"63":{"start":{"line":167,"column":3},"end":{"line":167,"column":19}},"64":{"start":{"line":168,"column":3},"end":{"line":168,"column":23}},"65":{"start":{"line":172,"column":0},"end":{"line":172,"column":24}}},"fnMap":{"0":{"name":"(anonymous_0)","decl":{"start":{"line":9,"column":23},"end":{"line":9,"column":24}},"loc":{"start":{"line":9,"column":37},"end":{"line":55,"column":1}},"line":9},"1":{"name":"(anonymous_1)","decl":{"start":{"line":25,"column":9},"end":{"line":25,"column":10}},"loc":{"start":{"line":25,"column":26},"end":{"line":54,"column":2}},"line":25},"2":{"name":"(anonymous_2)","decl":{"start":{"line":38,"column":10},"end":{"line":38,"column":11}},"loc":{"start":{"line":38,"column":20},"end":{"line":47,"column":5}},"line":38},"3":{"name":"(anonymous_3)","decl":{"start":{"line":48,"column":11},"end":{"line":48,"column":12}},"loc":{"start":{"line":48,"column":22},"end":{"line":52,"column":5}},"line":48},"4":{"name":"(anonymous_4)","decl":{"start":{"line":57,"column":21},"end":{"line":57,"column":22}},"loc":{"start":{"line":57,"column":35},"end":{"line":95,"column":1}},"line":57},"5":{"name":"(anonymous_5)","decl":{"start":{"line":66,"column":8},"end":{"line":66,"column":9}},"loc":{"start":{"line":66,"column":18},"end":{"line":90,"column":3}},"line":66},"6":{"name":"(anonymous_6)","decl":{"start":{"line":91,"column":9},"end":{"line":91,"column":10}},"loc":{"start":{"line":91,"column":20},"end":{"line":94,"column":3}},"line":91},"7":{"name":"(anonymous_7)","decl":{"start":{"line":97,"column":46},"end":{"line":97,"column":47}},"loc":{"start":{"line":97,"column":60},"end":{"line":124,"column":1}},"line":97},"8":{"name":"(anonymous_8)","decl":{"start":{"line":106,"column":8},"end":{"line":106,"column":9}},"loc":{"start":{"line":106,"column":18},"end":{"line":119,"column":3}},"line":106},"9":{"name":"(anonymous_9)","decl":{"start":{"line":120,"column":9},"end":{"line":120,"column":10}},"loc":{"start":{"line":120,"column":20},"end":{"line":123,"column":3}},"line":120},"10":{"name":"(anonymous_10)","decl":{"start":{"line":126,"column":47},"end":{"line":126,"column":48}},"loc":{"start":{"line":126,"column":61},"end":{"line":147,"column":1}},"line":126},"11":{"name":"(anonymous_11)","decl":{"start":{"line":134,"column":8},"end":{"line":134,"column":9}},"loc":{"start":{"line":134,"column":22},"end":{"line":142,"column":3}},"line":134},"12":{"name":"(anonymous_12)","decl":{"start":{"line":143,"column":9},"end":{"line":143,"column":10}},"loc":{"start":{"line":143,"column":20},"end":{"line":146,"column":3}},"line":143},"13":{"name":"(anonymous_13)","decl":{"start":{"line":149,"column":48},"end":{"line":149,"column":49}},"loc":{"start":{"line":149,"column":62},"end":{"line":152,"column":1}},"line":149},"14":{"name":"(anonymous_14)","decl":{"start":{"line":154,"column":52},"end":{"line":154,"column":53}},"loc":{"start":{"line":154,"column":66},"end":{"line":170,"column":1}},"line":154},"15":{"name":"(anonymous_15)","decl":{"start":{"line":162,"column":8},"end":{"line":162,"column":9}},"loc":{"start":{"line":162,"column":14},"end":{"line":165,"column":3}},"line":162},"16":{"name":"(anonymous_16)","decl":{"start":{"line":166,"column":9},"end":{"line":166,"column":10}},"loc":{"start":{"line":166,"column":20},"end":{"line":169,"column":3}},"line":166}},"branchMap":{"0":{"loc":{"start":{"line":26,"column":2},"end":{"line":53,"column":3}},"type":"if","locations":[{"start":{"line":26,"column":2},"end":{"line":53,"column":3}},{"start":{"line":26,"column":2},"end":{"line":53,"column":3}}],"line":26},"1":{"loc":{"start":{"line":67,"column":3},"end":{"line":89,"column":4}},"type":"if","locations":[{"start":{"line":67,"column":3},"end":{"line":89,"column":4}},{"start":{"line":67,"column":3},"end":{"line":89,"column":4}}],"line":67},"2":{"loc":{"start":{"line":75,"column":4},"end":{"line":88,"column":5}},"type":"if","locations":[{"start":{"line":75,"column":4},"end":{"line":88,"column":5}},{"start":{"line":75,"column":4},"end":{"line":88,"column":5}}],"line":75},"3":{"loc":{"start":{"line":107,"column":3},"end":{"line":118,"column":4}},"type":"if","locations":[{"start":{"line":107,"column":3},"end":{"line":118,"column":4}},{"start":{"line":107,"column":3},"end":{"line":118,"column":4}}],"line":107},"4":{"loc":{"start":{"line":135,"column":3},"end":{"line":141,"column":4}},"type":"if","locations":[{"start":{"line":135,"column":3},"end":{"line":141,"column":4}},{"start":{"line":135,"column":3},"end":{"line":141,"column":4}}],"line":135}},"s":{"0":3,"1":3,"2":3,"3":3,"4":3,"5":3,"6":3,"7":3,"8":3,"9":3,"10":3,"11":3,"12":3,"13":0,"14":0,"15":3,"16":3,"17":3,"18":0,"19":3,"20":2,"21":2,"22":2,"23":2,"24":0,"25":0,"26":2,"27":2,"28":2,"29":2,"30":0,"31":0,"32":2,"33":2,"34":2,"35":0,"36":0,"37":3,"38":1,"39":1,"40":1,"41":0,"42":0,"43":1,"44":1,"45":0,"46":0,"47":3,"48":2,"49":2,"50":2,"51":1,"52":1,"53":0,"54":0,"55":3,"56":1,"57":1,"58":3,"59":1,"60":1,"61":1,"62":1,"63":0,"64":0,"65":3},"f":{"0":3,"1":3,"2":3,"3":0,"4":2,"5":2,"6":0,"7":1,"8":1,"9":0,"10":2,"11":2,"12":0,"13":1,"14":1,"15":1,"16":0},"b":{"0":[0,3],"1":[0,2],"2":[0,2],"3":[0,1],"4":[1,1]},"_coverageSchema":"1a1c01bbd47fc00a2c39e90264f33305004495a9","hash":"07867f444e5d7c0e3bb78568f7d4a23cfeca7e52"}
}
