TN:
SF:config/database.js
FNF:0
FNH:0
DA:8,3
DA:10,3
LF:2
LH:2
BRDA:13,0,0,3
BRDA:13,0,1,0
BRF:2
BRH:1
end_of_record
TN:
SF:models/article.js
FN:1,(anonymous_0)
FN:28,(anonymous_1)
FNF:2
FNH:2
FNDA:3,(anonymous_0)
FNDA:3,(anonymous_1)
DA:1,3
DA:2,3
DA:28,3
DA:29,3
DA:33,3
DA:39,3
DA:45,3
LF:7
LH:7
BRF:0
BRH:0
end_of_record
TN:
SF:models/articlescomments.js
FN:1,(anonymous_0)
FN:21,(anonymous_1)
FNF:2
FNH:2
FNDA:3,(anonymous_0)
FNDA:3,(anonymous_1)
DA:1,3
DA:2,3
DA:21,3
DA:22,3
DA:26,3
DA:31,3
LF:6
LH:6
BRF:0
BRH:0
end_of_record
TN:
SF:models/articleversion.js
FN:1,(anonymous_0)
FN:25,(anonymous_1)
FNF:2
FNH:2
FNDA:3,(anonymous_0)
FNDA:3,(anonymous_1)
DA:1,3
DA:2,3
DA:25,3
DA:26,3
DA:32,3
LF:5
LH:5
BRF:0
BRH:0
end_of_record
TN:
SF:models/comment.js
FN:1,(anonymous_0)
FN:21,(anonymous_1)
FNF:2
FNH:2
FNDA:3,(anonymous_0)
FNDA:3,(anonymous_1)
DA:1,3
DA:2,3
DA:21,3
DA:22,3
DA:26,3
DA:32,3
DA:40,3
LF:7
LH:7
BRF:0
BRH:0
end_of_record
TN:
SF:models/commentversion.js
FN:1,(anonymous_0)
FN:19,(anonymous_1)
FNF:2
FNH:2
FNDA:3,(anonymous_0)
FNDA:3,(anonymous_1)
DA:1,3
DA:2,3
DA:19,3
DA:20,3
DA:25,3
LF:5
LH:5
BRF:0
BRH:0
end_of_record
TN:
SF:models/index.js
FN:15,(anonymous_0)
FN:18,(anonymous_1)
FN:23,(anonymous_2)
FNF:3
FNH:3
FNDA:24,(anonymous_0)
FNDA:21,(anonymous_1)
FNDA:21,(anonymous_2)
DA:1,3
DA:2,3
DA:3,3
DA:4,3
DA:6,3
DA:7,3
DA:10,3
DA:13,3
DA:16,24
DA:19,21
DA:20,21
DA:23,3
DA:24,21
DA:25,21
DA:29,3
DA:30,3
DA:32,3
LF:17
LH:17
BRDA:16,0,0,24
BRDA:16,0,1,24
BRDA:16,0,2,21
BRDA:24,1,0,21
BRDA:24,1,1,0
BRF:5
BRH:4
end_of_record
TN:
SF:models/user.js
FN:1,(anonymous_0)
FN:34,(anonymous_1)
FNF:2
FNH:2
FNDA:3,(anonymous_0)
FNDA:3,(anonymous_1)
DA:1,3
DA:2,3
DA:34,3
DA:35,3
DA:41,3
DA:47,3
DA:52,3
LF:7
LH:7
BRF:0
BRH:0
end_of_record
TN:
SF:models/userversion.js
FN:1,(anonymous_0)
FN:34,(anonymous_1)
FNF:2
FNH:2
FNDA:3,(anonymous_0)
FNDA:3,(anonymous_1)
DA:1,3
DA:2,3
DA:34,3
DA:35,3
DA:40,3
LF:5
LH:5
BRF:0
BRH:0
end_of_record
TN:
SF:src/app.js
FNF:0
FNH:0
DA:1,3
DA:2,3
DA:3,3
DA:4,3
DA:5,3
DA:6,3
DA:7,3
DA:8,3
DA:10,3
DA:17,3
DA:19,3
DA:21,3
DA:22,3
DA:24,0
DA:25,0
DA:28,3
DA:33,3
DA:34,3
DA:35,3
DA:43,3
DA:47,3
DA:48,3
DA:49,3
DA:51,3
LF:24
LH:22
BRDA:21,0,0,3
BRDA:21,0,1,0
BRDA:24,1,0,0
BRDA:24,1,1,0
BRDA:36,2,0,3
BRDA:36,2,1,0
BRF:6
BRH:2
end_of_record
TN:
SF:src/utils.js
FN:3,(anonymous_0)
FNF:1
FNH:1
FNDA:6,(anonymous_0)
DA:1,4
DA:3,4
DA:4,6
DA:5,6
DA:6,6
DA:9,4
LF:6
LH:6
BRF:0
BRH:0
end_of_record
TN:
SF:src/middlewares/auth.js
FN:2,(anonymous_0)
FNF:1
FNH:1
FNDA:15,(anonymous_0)
DA:2,3
DA:3,15
DA:4,15
DA:6,0
DA:10,3
LF:5
LH:4
BRDA:3,0,0,15
BRDA:3,0,1,0
BRF:2
BRH:1
end_of_record
TN:
SF:src/routes/article.js
FN:7,(anonymous_0)
FN:14,(anonymous_1)
FN:24,(anonymous_2)
FN:31,(anonymous_3)
FN:40,(anonymous_4)
FN:49,(anonymous_5)
FN:55,(anonymous_6)
FN:70,(anonymous_7)
FN:80,(anonymous_8)
FN:86,(anonymous_9)
FN:94,(anonymous_10)
FN:97,(anonymous_11)
FNF:12
FNH:8
FNDA:2,(anonymous_0)
FNDA:2,(anonymous_1)
FNDA:0,(anonymous_2)
FNDA:3,(anonymous_3)
FNDA:3,(anonymous_4)
FNDA:0,(anonymous_5)
FNDA:1,(anonymous_6)
FNDA:1,(anonymous_7)
FNDA:0,(anonymous_8)
FNDA:1,(anonymous_9)
FNDA:1,(anonymous_10)
FNDA:0,(anonymous_11)
DA:1,3
DA:2,3
DA:3,3
DA:5,3
DA:7,3
DA:8,2
DA:15,2
DA:16,1
DA:17,1
DA:21,1
DA:25,0
DA:26,0
DA:31,3
DA:32,3
DA:33,3
DA:35,3
DA:41,3
DA:50,0
DA:51,0
DA:55,3
DA:56,1
DA:58,1
DA:59,0
DA:60,0
DA:63,1
DA:71,1
DA:72,0
DA:73,0
DA:77,1
DA:81,0
DA:82,0
DA:86,3
DA:87,1
DA:89,1
DA:95,1
DA:98,0
DA:99,0
DA:104,3
LF:38
LH:26
BRDA:15,0,0,1
BRDA:15,0,1,1
BRDA:58,1,0,0
BRDA:58,1,1,1
BRDA:71,2,0,0
BRDA:71,2,1,1
BRF:6
BRH:4
end_of_record
TN:
SF:src/routes/comment.js
FN:9,(anonymous_0)
FN:17,(anonymous_1)
FN:23,(anonymous_2)
FN:27,(anonymous_3)
FN:42,(anonymous_4)
FN:48,(anonymous_5)
FN:54,(anonymous_6)
FN:77,(anonymous_7)
FN:78,(anonymous_8)
FN:86,(anonymous_9)
FN:97,(anonymous_10)
FN:103,(anonymous_11)
FN:111,(anonymous_12)
FN:114,(anonymous_13)
FNF:14
FNH:12
FNDA:2,(anonymous_0)
FNDA:1,(anonymous_1)
FNDA:1,(anonymous_2)
FNDA:1,(anonymous_3)
FNDA:0,(anonymous_4)
FNDA:1,(anonymous_5)
FNDA:2,(anonymous_6)
FNDA:1,(anonymous_7)
FNDA:1,(anonymous_8)
FNDA:1,(anonymous_9)
FNDA:0,(anonymous_10)
FNDA:2,(anonymous_11)
FNDA:1,(anonymous_12)
FNDA:1,(anonymous_13)
DA:1,3
DA:2,3
DA:3,3
DA:4,3
DA:5,3
DA:6,3
DA:9,3
DA:10,2
DA:11,2
DA:13,2
DA:18,1
DA:24,1
DA:28,1
DA:43,0
DA:44,0
DA:49,1
DA:50,1
DA:54,3
DA:55,2
DA:56,2
DA:58,2
DA:59,1
DA:60,1
DA:63,1
DA:78,1
DA:80,1
DA:81,0
DA:82,0
DA:86,1
DA:87,1
DA:88,1
DA:89,1
DA:92,1
DA:98,0
DA:99,0
DA:103,3
DA:104,2
DA:106,2
DA:112,1
DA:115,1
DA:116,1
DA:120,3
LF:42
LH:36
BRDA:58,0,0,1
BRDA:58,0,1,1
BRDA:80,1,0,0
BRDA:80,1,1,1
BRF:4
BRH:3
end_of_record
TN:
SF:src/routes/user.js
FN:9,(anonymous_0)
FN:25,(anonymous_1)
FN:38,(anonymous_2)
FN:48,(anonymous_3)
FN:57,(anonymous_4)
FN:66,(anonymous_5)
FN:91,(anonymous_6)
FN:97,(anonymous_7)
FN:106,(anonymous_8)
FN:120,(anonymous_9)
FN:126,(anonymous_10)
FN:134,(anonymous_11)
FN:143,(anonymous_12)
FN:149,(anonymous_13)
FN:154,(anonymous_14)
FN:162,(anonymous_15)
FN:166,(anonymous_16)
FNF:17
FNH:12
FNDA:3,(anonymous_0)
FNDA:3,(anonymous_1)
FNDA:3,(anonymous_2)
FNDA:0,(anonymous_3)
FNDA:2,(anonymous_4)
FNDA:2,(anonymous_5)
FNDA:0,(anonymous_6)
FNDA:1,(anonymous_7)
FNDA:1,(anonymous_8)
FNDA:0,(anonymous_9)
FNDA:2,(anonymous_10)
FNDA:2,(anonymous_11)
FNDA:0,(anonymous_12)
FNDA:1,(anonymous_13)
FNDA:1,(anonymous_14)
FNDA:1,(anonymous_15)
FNDA:0,(anonymous_16)
DA:1,3
DA:2,3
DA:3,3
DA:4,3
DA:5,3
DA:7,3
DA:9,3
DA:15,3
DA:17,3
DA:18,3
DA:19,3
DA:21,3
DA:26,3
DA:27,0
DA:28,0
DA:32,3
DA:39,3
DA:40,3
DA:49,0
DA:57,3
DA:58,2
DA:59,2
DA:61,2
DA:67,2
DA:68,0
DA:69,0
DA:71,2
DA:72,2
DA:73,2
DA:75,2
DA:76,0
DA:77,0
DA:79,2
DA:80,2
DA:81,2
DA:92,0
DA:93,0
DA:97,3
DA:98,1
DA:100,1
DA:107,1
DA:108,0
DA:109,0
DA:113,1
DA:115,1
DA:121,0
DA:122,0
DA:126,3
DA:127,2
DA:129,2
DA:135,2
DA:136,1
DA:138,1
DA:144,0
DA:145,0
DA:149,3
DA:150,1
DA:151,1
DA:154,3
DA:155,1
DA:157,1
DA:163,1
DA:164,1
DA:167,0
DA:168,0
DA:172,3
LF:66
LH:49
BRDA:26,0,0,0
BRDA:26,0,1,3
BRDA:67,1,0,0
BRDA:67,1,1,2
BRDA:75,2,0,0
BRDA:75,2,1,2
BRDA:107,3,0,0
BRDA:107,3,1,1
BRDA:135,4,0,1
BRDA:135,4,1,1
BRF:10
BRH:6
end_of_record
